<?xml version="1.0" encoding="UTF-8"?>
<!-- Generated by org.testng.reporters.JUnitXMLReporter -->
<testsuite ignored="0" hostname="LTIN733064" failures="1" tests="8" name="Command line test" time="134.167" errors="0" timestamp="2026-06-29T21:26:21 IST">
  <testcase classname="admin.AdminJobPostingTest" name="TC17_verifyAdminJobPostingUIComponentsAreVisible" time="1.054"/>
  <testcase classname="admin.AdminJobPostingTest" name="TC18_verifyInvalidJobDetailsAreRejectedUsingECP" time="85.557">
    <failure type="java.lang.AssertionError" message="The following asserts failed:
	Validation error should display for numeric-only company name expected [true] but found [false],
	Validation error should display for numeric-only job title expected [true] but found [false],
	Validation error should display for numeric-only location expected [true] but found [false],
	Validation error should display for numeric-only required skill expected [true] but found [false]">
      <![CDATA[java.lang.AssertionError: The following asserts failed:
Validation error should display for numeric-only company name expected [true] but found [false],
Validation error should display for numeric-only job title expected [true] but found [false],
Validation error should display for numeric-only location expected [true] but found [false],
Validation error should display for numeric-only required skill expected [true] but found [false]
at admin.AdminJobPostingTest.TC18_verifyInvalidJobDetailsAreRejectedUsingECP(AdminJobPostingTest.java:74)
at java.base/java.util.ArrayList.forEach(ArrayList.java:1596)
... Removed 26 stack frames]]>
    </failure>
  </testcase> <!-- TC18_verifyInvalidJobDetailsAreRejectedUsingECP -->
  <testcase classname="admin.AdminJobPostingTest" name="TC19_verifyMandatoryFieldValidationMessagesForBlankForm" time="0.551"/>
  <testcase classname="admin.AdminJobPostingTest" name="TC20_verifyCtcCgpaAndDeadlineBoundaryValidationUsingBVA" time="5.068"/>
  <testcase classname="admin.AdminJobPostingTest" name="TC20_verifyCtcCgpaAndDeadlineBoundaryValidationUsingBVA" time="5.244"/>
  <testcase classname="admin.AdminJobPostingTest" name="TC20_verifyCtcCgpaAndDeadlineBoundaryValidationUsingBVA" time="6.119"/>
  <testcase classname="admin.AdminJobPostingTest" name="TC20_verifyCtcCgpaAndDeadlineBoundaryValidationUsingBVA" time="5.094"/>
  <testcase classname="admin.AdminJobPostingTest" name="TC20_verifyCtcCgpaAndDeadlineBoundaryValidationUsingBVA" time="5.245"/>
</testsuite> <!-- Command line test -->
