<?xml version="1.0" encoding="UTF-8"?>
<testng-results ignored="0" total="8" passed="7" failed="1" skipped="0">
  <reporter-output>
  </reporter-output>
  <suite started-at="2026-06-29T21:24:07 IST" name="Command line suite" finished-at="2026-06-29T21:26:21 IST" duration-ms="134167">
    <groups>
    </groups>
    <test started-at="2026-06-29T21:24:07 IST" name="Command line test" finished-at="2026-06-29T21:26:21 IST" duration-ms="134167">
      <class name="admin.AdminJobPostingTest">
        <test-method is-config="true" signature="setup(java.lang.String)[pri:0, instance:admin.AdminJobPostingTest@1b1cfb87]" started-at="2026-06-29T21:24:07 IST" name="setup" finished-at="2026-06-29T21:24:15 IST" duration-ms="7769" status="PASS">
          <params>
            <param index="0">
              <value>
                <![CDATA[chrome]]>
              </value>
            </param>
          </params>
          <reporter-output>
          </reporter-output>
        </test-method> <!-- setup -->
        <test-method is-config="true" signature="loginAsAdmin()[pri:0, instance:admin.AdminJobPostingTest@1b1cfb87]" started-at="2026-06-29T21:24:15 IST" name="loginAsAdmin" finished-at="2026-06-29T21:24:19 IST" depends-on-methods="base.BaseTest.setup" duration-ms="4078" status="PASS">
          <reporter-output>
          </reporter-output>
        </test-method> <!-- loginAsAdmin -->
        <test-method is-config="true" signature="openJobPostingPage()[pri:0, instance:admin.AdminJobPostingTest@1b1cfb87]" started-at="2026-06-29T21:24:19 IST" name="openJobPostingPage" finished-at="2026-06-29T21:24:20 IST" duration-ms="950" status="PASS">
          <reporter-output>
          </reporter-output>
        </test-method> <!-- openJobPostingPage -->
        <test-method signature="TC17_verifyAdminJobPostingUIComponentsAreVisible()[pri:1, instance:admin.AdminJobPostingTest@1b1cfb87]" started-at="2026-06-29T21:24:20 IST" name="TC17_verifyAdminJobPostingUIComponentsAreVisible" description="TS04_TC17: Verify all Admin Job Posting UI components are visible" finished-at="2026-06-29T21:24:21 IST" duration-ms="1054" status="PASS">
          <reporter-output>
          </reporter-output>
        </test-method> <!-- TC17_verifyAdminJobPostingUIComponentsAreVisible -->
        <test-method is-config="true" signature="openJobPostingPage()[pri:0, instance:admin.AdminJobPostingTest@1b1cfb87]" started-at="2026-06-29T21:24:23 IST" name="openJobPostingPage" finished-at="2026-06-29T21:24:23 IST" duration-ms="129" status="PASS">
          <reporter-output>
          </reporter-output>
        </test-method> <!-- openJobPostingPage -->
        <test-method signature="TC18_verifyInvalidJobDetailsAreRejectedUsingECP([Ljava.lang.String;)[pri:2, instance:admin.AdminJobPostingTest@1b1cfb87]" started-at="2026-06-29T21:24:23 IST" name="TC18_verifyInvalidJobDetailsAreRejectedUsingECP" description="TS04_TC18_ECP: Verify invalid equivalence-class job details are rejected" data-provider="invalidEcpJobListingData" finished-at="2026-06-29T21:25:48 IST" duration-ms="85557" status="FAIL">
          <params>
            <param index="0">
              <value>
                <![CDATA[[Ljava.lang.String;@4cd5fc46]]>
              </value>
            </param>
          </params>
          <exception class="java.lang.AssertionError">
            <message>
              <![CDATA[The following asserts failed:
Validation error should display for numeric-only company name expected [true] but found [false],
Validation error should display for numeric-only job title expected [true] but found [false],
Validation error should display for numeric-only location expected [true] but found [false],
Validation error should display for numeric-only required skill expected [true] but found [false]]]>
            </message>
            <full-stacktrace>
              <![CDATA[java.lang.AssertionError: The following asserts failed:
Validation error should display for numeric-only company name expected [true] but found [false],
Validation error should display for numeric-only job title expected [true] but found [false],
Validation error should display for numeric-only location expected [true] but found [false],
Validation error should display for numeric-only required skill expected [true] but found [false]
at org.testng.asserts.SoftAssert.assertAll(SoftAssert.java:46)
at org.testng.asserts.SoftAssert.assertAll(SoftAssert.java:30)
at admin.AdminJobPostingTest.TC18_verifyInvalidJobDetailsAreRejectedUsingECP(AdminJobPostingTest.java:74)
at java.base/jdk.internal.reflect.DirectMethodHandleAccessor.invoke(DirectMethodHandleAccessor.java:103)
at java.base/java.lang.reflect.Method.invoke(Method.java:580)
at org.testng.internal.invokers.MethodInvocationHelper.invokeMethod(MethodInvocationHelper.java:141)
at org.testng.internal.invokers.TestInvoker.invokeMethod(TestInvoker.java:686)
at org.testng.internal.invokers.TestInvoker.invokeTestMethod(TestInvoker.java:230)
at org.testng.internal.invokers.MethodRunner.runInSequence(MethodRunner.java:63)
at org.testng.internal.invokers.TestInvoker$MethodInvocationAgent.invoke(TestInvoker.java:992)
at org.testng.internal.invokers.TestInvoker.invokeTestMethods(TestInvoker.java:203)
at org.testng.internal.invokers.TestMethodWorker.invokeTestMethods(TestMethodWorker.java:154)
at org.testng.internal.invokers.TestMethodWorker.run(TestMethodWorker.java:134)
at java.base/java.util.ArrayList.forEach(ArrayList.java:1596)
at org.testng.TestRunner.privateRun(TestRunner.java:739)
at org.testng.TestRunner.run(TestRunner.java:614)
at org.testng.SuiteRunner.runTest(SuiteRunner.java:421)
at org.testng.SuiteRunner.runSequentially(SuiteRunner.java:413)
at org.testng.SuiteRunner.privateRun(SuiteRunner.java:373)
at org.testng.SuiteRunner.run(SuiteRunner.java:312)
at org.testng.SuiteRunnerWorker.runSuite(SuiteRunnerWorker.java:52)
at org.testng.SuiteRunnerWorker.run(SuiteRunnerWorker.java:95)
at org.testng.TestNG.runSuitesSequentially(TestNG.java:1274)
at org.testng.TestNG.runSuitesLocally(TestNG.java:1208)
at org.testng.TestNG.runSuites(TestNG.java:1112)
at org.testng.TestNG.run(TestNG.java:1079)
at org.testng.TestNG.privateMain(TestNG.java:1430)
at org.testng.TestNG.main(TestNG.java:1394)
]]>
            </full-stacktrace>
          </exception> <!-- java.lang.AssertionError -->
          <reporter-output>
          </reporter-output>
        </test-method> <!-- TC18_verifyInvalidJobDetailsAreRejectedUsingECP -->
        <test-method is-config="true" signature="openJobPostingPage()[pri:0, instance:admin.AdminJobPostingTest@1b1cfb87]" started-at="2026-06-29T21:25:49 IST" name="openJobPostingPage" finished-at="2026-06-29T21:25:49 IST" duration-ms="104" status="PASS">
          <reporter-output>
          </reporter-output>
        </test-method> <!-- openJobPostingPage -->
        <test-method signature="TC19_verifyMandatoryFieldValidationMessagesForBlankForm()[pri:3, instance:admin.AdminJobPostingTest@1b1cfb87]" started-at="2026-06-29T21:25:49 IST" name="TC19_verifyMandatoryFieldValidationMessagesForBlankForm" description="TS04_TC19: Verify validation messages when mandatory fields are blank" finished-at="2026-06-29T21:25:49 IST" duration-ms="551" status="PASS">
          <reporter-output>
          </reporter-output>
        </test-method> <!-- TC19_verifyMandatoryFieldValidationMessagesForBlankForm -->
        <test-method is-config="true" signature="openJobPostingPage()[pri:0, instance:admin.AdminJobPostingTest@1b1cfb87]" started-at="2026-06-29T21:25:49 IST" name="openJobPostingPage" finished-at="2026-06-29T21:25:49 IST" duration-ms="83" status="PASS">
          <reporter-output>
          </reporter-output>
        </test-method> <!-- openJobPostingPage -->
        <test-method signature="TC20_verifyCtcCgpaAndDeadlineBoundaryValidationUsingBVA([Ljava.lang.String;)[pri:4, instance:admin.AdminJobPostingTest@1b1cfb87]" started-at="2026-06-29T21:25:49 IST" name="TC20_verifyCtcCgpaAndDeadlineBoundaryValidationUsingBVA" description="TS04_TC20_BVA: Verify invalid CTC, CGPA and past deadline boundary values are rejected" data-provider="invalidBvaJobListingData" finished-at="2026-06-29T21:25:54 IST" duration-ms="5068" status="PASS">
          <params>
            <param index="0">
              <value>
                <![CDATA[[Ljava.lang.String;@35ceec81]]>
              </value>
            </param>
          </params>
          <reporter-output>
          </reporter-output>
        </test-method> <!-- TC20_verifyCtcCgpaAndDeadlineBoundaryValidationUsingBVA -->
        <test-method is-config="true" signature="openJobPostingPage()[pri:0, instance:admin.AdminJobPostingTest@1b1cfb87]" started-at="2026-06-29T21:25:54 IST" name="openJobPostingPage" finished-at="2026-06-29T21:25:55 IST" duration-ms="92" status="PASS">
          <reporter-output>
          </reporter-output>
        </test-method> <!-- openJobPostingPage -->
        <test-method signature="TC20_verifyCtcCgpaAndDeadlineBoundaryValidationUsingBVA([Ljava.lang.String;)[pri:4, instance:admin.AdminJobPostingTest@1b1cfb87]" started-at="2026-06-29T21:25:55 IST" name="TC20_verifyCtcCgpaAndDeadlineBoundaryValidationUsingBVA" description="TS04_TC20_BVA: Verify invalid CTC, CGPA and past deadline boundary values are rejected" data-provider="invalidBvaJobListingData" finished-at="2026-06-29T21:26:00 IST" duration-ms="5244" status="PASS">
          <params>
            <param index="0">
              <value>
                <![CDATA[[Ljava.lang.String;@51141f64]]>
              </value>
            </param>
          </params>
          <reporter-output>
          </reporter-output>
        </test-method> <!-- TC20_verifyCtcCgpaAndDeadlineBoundaryValidationUsingBVA -->
        <test-method is-config="true" signature="openJobPostingPage()[pri:0, instance:admin.AdminJobPostingTest@1b1cfb87]" started-at="2026-06-29T21:26:00 IST" name="openJobPostingPage" finished-at="2026-06-29T21:26:00 IST" duration-ms="89" status="PASS">
          <reporter-output>
          </reporter-output>
        </test-method> <!-- openJobPostingPage -->
        <test-method signature="TC20_verifyCtcCgpaAndDeadlineBoundaryValidationUsingBVA([Ljava.lang.String;)[pri:4, instance:admin.AdminJobPostingTest@1b1cfb87]" started-at="2026-06-29T21:26:00 IST" name="TC20_verifyCtcCgpaAndDeadlineBoundaryValidationUsingBVA" description="TS04_TC20_BVA: Verify invalid CTC, CGPA and past deadline boundary values are rejected" data-provider="invalidBvaJobListingData" finished-at="2026-06-29T21:26:06 IST" duration-ms="6119" status="PASS">
          <params>
            <param index="0">
              <value>
                <![CDATA[[Ljava.lang.String;@32c0fecc]]>
              </value>
            </param>
          </params>
          <reporter-output>
          </reporter-output>
        </test-method> <!-- TC20_verifyCtcCgpaAndDeadlineBoundaryValidationUsingBVA -->
        <test-method is-config="true" signature="openJobPostingPage()[pri:0, instance:admin.AdminJobPostingTest@1b1cfb87]" started-at="2026-06-29T21:26:06 IST" name="openJobPostingPage" finished-at="2026-06-29T21:26:06 IST" duration-ms="78" status="PASS">
          <reporter-output>
          </reporter-output>
        </test-method> <!-- openJobPostingPage -->
        <test-method signature="TC20_verifyCtcCgpaAndDeadlineBoundaryValidationUsingBVA([Ljava.lang.String;)[pri:4, instance:admin.AdminJobPostingTest@1b1cfb87]" started-at="2026-06-29T21:26:06 IST" name="TC20_verifyCtcCgpaAndDeadlineBoundaryValidationUsingBVA" description="TS04_TC20_BVA: Verify invalid CTC, CGPA and past deadline boundary values are rejected" data-provider="invalidBvaJobListingData" finished-at="2026-06-29T21:26:11 IST" duration-ms="5094" status="PASS">
          <params>
            <param index="0">
              <value>
                <![CDATA[[Ljava.lang.String;@2965dd88]]>
              </value>
            </param>
          </params>
          <reporter-output>
          </reporter-output>
        </test-method> <!-- TC20_verifyCtcCgpaAndDeadlineBoundaryValidationUsingBVA -->
        <test-method is-config="true" signature="openJobPostingPage()[pri:0, instance:admin.AdminJobPostingTest@1b1cfb87]" started-at="2026-06-29T21:26:11 IST" name="openJobPostingPage" finished-at="2026-06-29T21:26:11 IST" duration-ms="76" status="PASS">
          <reporter-output>
          </reporter-output>
        </test-method> <!-- openJobPostingPage -->
        <test-method signature="TC20_verifyCtcCgpaAndDeadlineBoundaryValidationUsingBVA([Ljava.lang.String;)[pri:4, instance:admin.AdminJobPostingTest@1b1cfb87]" started-at="2026-06-29T21:26:11 IST" name="TC20_verifyCtcCgpaAndDeadlineBoundaryValidationUsingBVA" description="TS04_TC20_BVA: Verify invalid CTC, CGPA and past deadline boundary values are rejected" data-provider="invalidBvaJobListingData" finished-at="2026-06-29T21:26:17 IST" duration-ms="5245" status="PASS">
          <params>
            <param index="0">
              <value>
                <![CDATA[[Ljava.lang.String;@3221588e]]>
              </value>
            </param>
          </params>
          <reporter-output>
          </reporter-output>
        </test-method> <!-- TC20_verifyCtcCgpaAndDeadlineBoundaryValidationUsingBVA -->
        <test-method is-config="true" signature="tearDown()[pri:0, instance:admin.AdminJobPostingTest@1b1cfb87]" started-at="2026-06-29T21:26:17 IST" name="tearDown" finished-at="2026-06-29T21:26:21 IST" duration-ms="4713" status="PASS">
          <reporter-output>
          </reporter-output>
        </test-method> <!-- tearDown -->
      </class> <!-- admin.AdminJobPostingTest -->
    </test> <!-- Command line test -->
  </suite> <!-- Command line suite -->
</testng-results>
