<?xml version="1.0" encoding="UTF-8"?>
<!-- Generated by org.testng.reporters.JUnitXMLReporter -->
<testsuite ignored="0" hostname="LTIN733064" failures="0" tests="11" name="Admin Dashboard And Job Posting Tests" time="90.525" errors="0" timestamp="2026-06-29T21:04:07 IST">
  <testcase classname="base.AdminBaseTest" name="@BeforeClass loginAsAdmin" time="17.73">
    <failure type="org.openqa.selenium.TimeoutException" message="Expected condition failed: waiting for url to contain &amp;quot;/admin/home&amp;quot;. Current url: &amp;quot;https://beamish-crumble-380780.netlify.app/login&amp;quot; (tried for 15 second(s) with 500 milliseconds interval)
Build info: version: &amp;apos;4.22.0&amp;apos;, revision: &amp;apos;c5f3146703*&amp;apos;
System info: os.name: &amp;apos;Windows 11&amp;apos;, os.arch: &amp;apos;amd64&amp;apos;, os.version: &amp;apos;10.0&amp;apos;, java.version: &amp;apos;21&amp;apos;
Driver info: org.openqa.selenium.chrome.ChromeDriver
Capabilities {acceptInsecureCerts: false, browserName: chrome, browserVersion: 149.0.7827.103, chrome: {chromedriverVersion: 149.0.7827.155 (07b52360cc1..., userDataDir: C:\Users\2492151\AppData\Lo...}, fedcm:accounts: true, goog:chromeOptions: {debuggerAddress: localhost:52178}, goog:processID: 32136, networkConnectionEnabled: false, pageLoadStrategy: normal, platformName: windows, proxy: Proxy(), se:cdp: ws://localhost:52178/devtoo..., se:cdpVersion: 149.0.7827.103, setWindowRect: true, strictFileInteractability: false, timeouts: {implicit: 0, pageLoad: 300000, script: 30000}, unhandledPromptBehavior: dismiss and notify, webauthn:extension:credBlob: true, webauthn:extension:largeBlob: true, webauthn:extension:minPinLength: true, webauthn:extension:prf: true, webauthn:virtualAuthenticators: true}
Session ID: 44af451ee95242f18e96373254209da8">
      <![CDATA[org.openqa.selenium.TimeoutException: Expected condition failed: waiting for url to contain "/admin/home". Current url: "https://beamish-crumble-380780.netlify.app/login" (tried for 15 second(s) with 500 milliseconds interval)
Build info: version: '4.22.0', revision: 'c5f3146703*'
System info: os.name: 'Windows 11', os.arch: 'amd64', os.version: '10.0', java.version: '21'
Driver info: org.openqa.selenium.chrome.ChromeDriver
Capabilities {acceptInsecureCerts: false, browserName: chrome, browserVersion: 149.0.7827.103, chrome: {chromedriverVersion: 149.0.7827.155 (07b52360cc1..., userDataDir: C:\Users\2492151\AppData\Lo...}, fedcm:accounts: true, goog:chromeOptions: {debuggerAddress: localhost:52178}, goog:processID: 32136, networkConnectionEnabled: false, pageLoadStrategy: normal, platformName: windows, proxy: Proxy(), se:cdp: ws://localhost:52178/devtoo..., se:cdpVersion: 149.0.7827.103, setWindowRect: true, strictFileInteractability: false, timeouts: {implicit: 0, pageLoad: 300000, script: 30000}, unhandledPromptBehavior: dismiss and notify, webauthn:extension:credBlob: true, webauthn:extension:largeBlob: true, webauthn:extension:minPinLength: true, webauthn:extension:prf: true, webauthn:virtualAuthenticators: true}
Session ID: 44af451ee95242f18e96373254209da8
at org.openqa.selenium.support.ui.WebDriverWait.timeoutException(WebDriverWait.java:84)
at org.openqa.selenium.support.ui.FluentWait.until(FluentWait.java:228)
at base.AdminBaseTest.waitUntilRouteContains(AdminBaseTest.java:66)
at base.AdminBaseTest.loginAsAdmin(AdminBaseTest.java:22)
at java.base/java.util.ArrayList.forEach(ArrayList.java:1596)
... Removed 22 stack frames]]>
    </failure>
  </testcase> <!-- @BeforeClass loginAsAdmin -->
  <testcase classname="base.AdminBaseTest" name="@BeforeClass loginAsAdmin" time="2.82">
    <failure type="org.openqa.selenium.StaleElementReferenceException" message="stale element reference: stale element not found in the current frame
  (Session info: chrome=149.0.7827.103)
For documentation on this error, please visit: https://www.selenium.dev/documentation/webdriver/troubleshooting/errors#stale-element-reference-exception
Build info: version: &amp;apos;4.22.0&amp;apos;, revision: &amp;apos;c5f3146703*&amp;apos;
System info: os.name: &amp;apos;Windows 11&amp;apos;, os.arch: &amp;apos;amd64&amp;apos;, os.version: &amp;apos;10.0&amp;apos;, java.version: &amp;apos;21&amp;apos;
Driver info: org.openqa.selenium.chrome.ChromeDriver
Command: [84d27340da32317f402d5478e45ca60f, sendKeysToElement {value=[Ljava.lang.CharSequence;@534e58b6, id=f.92E9E2E7F41D45E5426AFD38C6D52EC6.d.104E8EB8CFF84864D941A037C332783F.e.20}]
Capabilities {acceptInsecureCerts: false, browserName: chrome, browserVersion: 149.0.7827.103, chrome: {chromedriverVersion: 149.0.7827.155 (07b52360cc1..., userDataDir: C:\Users\2492151\AppData\Lo...}, fedcm:accounts: true, goog:chromeOptions: {debuggerAddress: localhost:58609}, goog:processID: 25312, networkConnectionEnabled: false, pageLoadStrategy: normal, platformName: windows, proxy: Proxy(), se:cdp: ws://localhost:58609/devtoo..., se:cdpVersion: 149.0.7827.103, setWindowRect: true, strictFileInteractability: false, timeouts: {implicit: 0, pageLoad: 300000, script: 30000}, unhandledPromptBehavior: dismiss and notify, webauthn:extension:credBlob: true, webauthn:extension:largeBlob: true, webauthn:extension:minPinLength: true, webauthn:extension:prf: true, webauthn:virtualAuthenticators: true}
Element: [[ChromeDriver: chrome on windows (84d27340da32317f402d5478e45ca60f)] -&amp;gt; id: login-username-input]
Session ID: 84d27340da32317f402d5478e45ca60f">
      <![CDATA[org.openqa.selenium.StaleElementReferenceException: stale element reference: stale element not found in the current frame
  (Session info: chrome=149.0.7827.103)
For documentation on this error, please visit: https://www.selenium.dev/documentation/webdriver/troubleshooting/errors#stale-element-reference-exception
Build info: version: '4.22.0', revision: 'c5f3146703*'
System info: os.name: 'Windows 11', os.arch: 'amd64', os.version: '10.0', java.version: '21'
Driver info: org.openqa.selenium.chrome.ChromeDriver
Command: [84d27340da32317f402d5478e45ca60f, sendKeysToElement {value=[Ljava.lang.CharSequence;@534e58b6, id=f.92E9E2E7F41D45E5426AFD38C6D52EC6.d.104E8EB8CFF84864D941A037C332783F.e.20}]
Capabilities {acceptInsecureCerts: false, browserName: chrome, browserVersion: 149.0.7827.103, chrome: {chromedriverVersion: 149.0.7827.155 (07b52360cc1..., userDataDir: C:\Users\2492151\AppData\Lo...}, fedcm:accounts: true, goog:chromeOptions: {debuggerAddress: localhost:58609}, goog:processID: 25312, networkConnectionEnabled: false, pageLoadStrategy: normal, platformName: windows, proxy: Proxy(), se:cdp: ws://localhost:58609/devtoo..., se:cdpVersion: 149.0.7827.103, setWindowRect: true, strictFileInteractability: false, timeouts: {implicit: 0, pageLoad: 300000, script: 30000}, unhandledPromptBehavior: dismiss and notify, webauthn:extension:credBlob: true, webauthn:extension:largeBlob: true, webauthn:extension:minPinLength: true, webauthn:extension:prf: true, webauthn:virtualAuthenticators: true}
Element: [[ChromeDriver: chrome on windows (84d27340da32317f402d5478e45ca60f)] -> id: login-username-input]
Session ID: 84d27340da32317f402d5478e45ca60f
at org.openqa.selenium.remote.ErrorCodec.decode(ErrorCodec.java:167)
at org.openqa.selenium.remote.codec.w3c.W3CHttpResponseCodec.decode(W3CHttpResponseCodec.java:138)
at org.openqa.selenium.remote.codec.w3c.W3CHttpResponseCodec.decode(W3CHttpResponseCodec.java:50)
at org.openqa.selenium.remote.HttpCommandExecutor.execute(HttpCommandExecutor.java:190)
at org.openqa.selenium.remote.service.DriverCommandExecutor.invokeExecute(DriverCommandExecutor.java:216)
at org.openqa.selenium.remote.service.DriverCommandExecutor.execute(DriverCommandExecutor.java:174)
at org.openqa.selenium.remote.RemoteWebDriver.execute(RemoteWebDriver.java:518)
at org.openqa.selenium.remote.RemoteWebElement.execute(RemoteWebElement.java:223)
at org.openqa.selenium.remote.RemoteWebElement.sendKeys(RemoteWebElement.java:110)
at org.openqa.selenium.support.pagefactory.internal.LocatingElementHandler.invoke(LocatingElementHandler.java:51)
at jdk.proxy2/jdk.proxy2.$Proxy18.sendKeys(Unknown Source)
at util.ActionUtil.enterText(ActionUtil.java:27)
at pages.LoginPage.loginAsPlacementCell(LoginPage.java:42)
at base.AdminBaseTest.loginAsAdmin(AdminBaseTest.java:21)
at java.base/java.util.ArrayList.forEach(ArrayList.java:1596)
... Removed 27 stack frames]]>
    </failure>
  </testcase> <!-- @BeforeClass loginAsAdmin -->
  <testcase classname="admin.AdminDashboardTest" name="TC14_verifyAdminDashboardUIComponentsAreVisible" time="0.0">
    <skipped/>
  </testcase> <!-- TC14_verifyAdminDashboardUIComponentsAreVisible -->
  <testcase classname="admin.AdminDashboardTest" name="TC16_verifyDashboardDisplaysContentOrLoadingOrErrorState" time="0.0">
    <skipped/>
  </testcase> <!-- TC16_verifyDashboardDisplaysContentOrLoadingOrErrorState -->
  <testcase classname="admin.AdminDashboardTest" name="TC15_verifyAdminDashboardSidebarNavigationLinks" time="0.001">
    <skipped/>
  </testcase> <!-- TC15_verifyAdminDashboardSidebarNavigationLinks -->
  <testcase classname="admin.AdminJobPostingTest" name="TC17_verifyAdminJobPostingUIComponentsAreVisible" time="0.0">
    <skipped/>
  </testcase> <!-- TC17_verifyAdminJobPostingUIComponentsAreVisible -->
  <testcase classname="admin.AdminJobPostingTest" name="TC18_verifyInvalidJobDetailsAreRejectedUsingECP" time="0.001">
    <skipped/>
  </testcase> <!-- TC18_verifyInvalidJobDetailsAreRejectedUsingECP -->
  <testcase classname="admin.AdminJobPostingTest" name="TC19_verifyMandatoryFieldValidationMessagesForBlankForm" time="0.0">
    <skipped/>
  </testcase> <!-- TC19_verifyMandatoryFieldValidationMessagesForBlankForm -->
  <testcase classname="admin.AdminJobPostingTest" name="TC20_verifyCtcCgpaAndDeadlineBoundaryValidationUsingBVA" time="0.0">
    <skipped/>
  </testcase> <!-- TC20_verifyCtcCgpaAndDeadlineBoundaryValidationUsingBVA -->
  <testcase classname="admin.AdminJobPostingTest" name="TC20_verifyCtcCgpaAndDeadlineBoundaryValidationUsingBVA" time="0.0">
    <skipped/>
  </testcase> <!-- TC20_verifyCtcCgpaAndDeadlineBoundaryValidationUsingBVA -->
  <testcase classname="admin.AdminJobPostingTest" name="TC20_verifyCtcCgpaAndDeadlineBoundaryValidationUsingBVA" time="0.0">
    <skipped/>
  </testcase> <!-- TC20_verifyCtcCgpaAndDeadlineBoundaryValidationUsingBVA -->
  <testcase classname="admin.AdminJobPostingTest" name="TC20_verifyCtcCgpaAndDeadlineBoundaryValidationUsingBVA" time="0.0">
    <skipped/>
  </testcase> <!-- TC20_verifyCtcCgpaAndDeadlineBoundaryValidationUsingBVA -->
  <testcase classname="admin.AdminJobPostingTest" name="TC20_verifyCtcCgpaAndDeadlineBoundaryValidationUsingBVA" time="0.0">
    <skipped/>
  </testcase> <!-- TC20_verifyCtcCgpaAndDeadlineBoundaryValidationUsingBVA -->
</testsuite> <!-- Admin Dashboard And Job Posting Tests -->
