<?xml version="1.0" encoding="UTF-8"?>
<!-- Generated by org.testng.reporters.JUnitReportReporter -->
<testsuite hostname="LTIN733064" failures="1" tests="8" name="admin.AdminJobPostingTest" time="115.533" errors="0" timestamp="2026-06-29T21:26:22 IST" skipped="0">
  <testcase classname="admin.AdminJobPostingTest" name="TC17_verifyAdminJobPostingUIComponentsAreVisible" time="1.137"/>
  <testcase classname="admin.AdminJobPostingTest" name="TC18_verifyInvalidJobDetailsAreRejectedUsingECP" time="85.649">
    <failure message="The following asserts failed:
	Validation error should display for numeric-only company name expected [true] but found [false],
	Validation error should display for numeric-only job title expected [true] but found [false],
	Validation error should display for numeric-only location expected [true] but found [false],
	Validation error should display for numeric-only required skill expected [true] but found [false]" type="java.lang.AssertionError">
      <![CDATA[java.lang.AssertionError: The following asserts failed:
Validation error should display for numeric-only company name expected [true] but found [false],
Validation error should display for numeric-only job title expected [true] but found [false],
Validation error should display for numeric-only location expected [true] but found [false],
Validation error should display for numeric-only required skill expected [true] but found [false]
at org.testng.asserts.SoftAssert.assertAll(SoftAssert.java:46)
at org.testng.asserts.SoftAssert.assertAll(SoftAssert.java:30)
at admin.AdminJobPostingTest.TC18_verifyInvalidJobDetailsAreRejectedUsingECP(AdminJobPostingTest.java:74)
at java.base/jdk.internal.reflect.DirectMethodHandleAccessor.invoke(DirectMethodHandleAccessor.java:103)
at java.base/java.lang.reflect.Method.invoke(Method.java:580)
at org.testng.internal.invokers.MethodInvocationHelper.invokeMethod(MethodInvocationHelper.java:141)
at org.testng.internal.invokers.TestInvoker.invokeMethod(TestInvoker.java:686)
at org.testng.internal.invokers.TestInvoker.invokeTestMethod(TestInvoker.java:230)
at org.testng.internal.invokers.MethodRunner.runInSequence(MethodRunner.java:63)
at org.testng.internal.invokers.TestInvoker$MethodInvocationAgent.invoke(TestInvoker.java:992)
at org.testng.internal.invokers.TestInvoker.invokeTestMethods(TestInvoker.java:203)
at org.testng.internal.invokers.TestMethodWorker.invokeTestMethods(TestMethodWorker.java:154)
at org.testng.internal.invokers.TestMethodWorker.run(TestMethodWorker.java:134)
at java.base/java.util.ArrayList.forEach(ArrayList.java:1596)
at org.testng.TestRunner.privateRun(TestRunner.java:739)
at org.testng.TestRunner.run(TestRunner.java:614)
at org.testng.SuiteRunner.runTest(SuiteRunner.java:421)
at org.testng.SuiteRunner.runSequentially(SuiteRunner.java:413)
at org.testng.SuiteRunner.privateRun(SuiteRunner.java:373)
at org.testng.SuiteRunner.run(SuiteRunner.java:312)
at org.testng.SuiteRunnerWorker.runSuite(SuiteRunnerWorker.java:52)
at org.testng.SuiteRunnerWorker.run(SuiteRunnerWorker.java:95)
at org.testng.TestNG.runSuitesSequentially(TestNG.java:1274)
at org.testng.TestNG.runSuitesLocally(TestNG.java:1208)
at org.testng.TestNG.runSuites(TestNG.java:1112)
at org.testng.TestNG.run(TestNG.java:1079)
at org.testng.TestNG.privateMain(TestNG.java:1430)
at org.testng.TestNG.main(TestNG.java:1394)
]]>
    </failure>
  </testcase> <!-- TC18_verifyInvalidJobDetailsAreRejectedUsingECP -->
  <testcase classname="admin.AdminJobPostingTest" name="TC19_verifyMandatoryFieldValidationMessagesForBlankForm" time="0.680"/>
  <testcase classname="admin.AdminJobPostingTest" name="TC20_verifyCtcCgpaAndDeadlineBoundaryValidationUsingBVA" time="5.198"/>
  <testcase classname="admin.AdminJobPostingTest" name="TC20_verifyCtcCgpaAndDeadlineBoundaryValidationUsingBVA" time="5.321"/>
  <testcase classname="admin.AdminJobPostingTest" name="TC20_verifyCtcCgpaAndDeadlineBoundaryValidationUsingBVA" time="6.194"/>
  <testcase classname="admin.AdminJobPostingTest" name="TC20_verifyCtcCgpaAndDeadlineBoundaryValidationUsingBVA" time="6.208"/>
  <testcase classname="admin.AdminJobPostingTest" name="TC20_verifyCtcCgpaAndDeadlineBoundaryValidationUsingBVA" time="5.146"/>
</testsuite> <!-- admin.AdminJobPostingTest -->
